[2026-01-26 17:29:34] info: 	z2m: Logging to console, file (filename: log.log)
[2026-01-26 17:29:34] info: 	z2m: Starting Zigbee2MQTT version 2.7.2 (commit #3a49c95786c2fba749e7696aab4cc38e467d2c4c
)
[2026-01-26 17:29:34] info: 	z2m: Starting zigbee-herdsman (8.0.1)
[2026-01-26 17:29:34] info: 	zh:adapter:discovery: Matched adapter: {"path":"/dev/ttyUSB0","manufacturer":"Silicon Labs","serialNumber":"0001","pnpId":"usb-Silicon_Labs_Sonoff_Zigbee_3.0_USB_Dongle_Plus_0001-if00-port0","vendorId":"10c4","productId":"ea60"} => zstack: 4
[2026-01-26 17:29:34] info: 	zh:zstack:znp: Opening SerialPort with {"path":"/dev/ttyUSB0","baudRate":115200,"rtscts":false,"autoOpen":false}
[2026-01-26 17:29:35] info: 	zh:zstack:znp: Serialport opened
[2026-01-26 17:30:39] error: 	z2m: Error while starting zigbee-herdsman
[2026-01-26 17:30:39] error: 	z2m: Failed to start zigbee-herdsman
[2026-01-26 17:30:39] error: 	z2m: Check https://www.zigbee2mqtt.io/guide/installation/20_zigbee2mqtt-fails-to-start_crashes-runtime.html for possible solutions
[2026-01-26 17:30:39] error: 	z2m: Exiting...
[2026-01-26 17:30:39] error: 	z2m: Error: network commissioning timed out - most likely network with the same panId or extendedPanId already exists nearby (Error: AREQ - ZDO - stateChangeInd after 60000ms
    at Object.start (/app/node_modules/.pnpm/zigbee-herdsman@8.0.1/node_modules/zigbee-herdsman/src/utils/waitress.ts:68:23)
    at ZnpAdapterManager.beginCommissioning (/app/node_modules/.pnpm/zigbee-herdsman@8.0.1/node_modules/zigbee-herdsman/src/adapter/z-stack/adapter/manager.ts:362:31)
    at ZnpAdapterManager.start (/app/node_modules/.pnpm/zigbee-herdsman@8.0.1/node_modules/zigbee-herdsman/src/adapter/z-stack/adapter/manager.ts:90:21)
    at ZStackAdapter.start (/app/node_modules/.pnpm/zigbee-herdsman@8.0.1/node_modules/zigbee-herdsman/src/adapter/z-stack/adapter/zStackAdapter.ts:147:16)
    at Controller.start (/app/node_modules/.pnpm/zigbee-herdsman@8.0.1/node_modules/zigbee-herdsman/src/controller/controller.ts:143:29)
    at Zigbee.start (/app/lib/zigbee.ts:70:27)
    at Controller.start (/app/lib/controller.ts:101:13)
    at start (/app/index.js:149:5))
    at ZnpAdapterManager.beginCommissioning (/app/node_modules/.pnpm/zigbee-herdsman@8.0.1/node_modules/zigbee-herdsman/src/adapter/z-stack/adapter/manager.ts:364:23)
    at ZnpAdapterManager.start (/app/node_modules/.pnpm/zigbee-herdsman@8.0.1/node_modules/zigbee-herdsman/src/adapter/z-stack/adapter/manager.ts:90:21)
    at ZStackAdapter.start (/app/node_modules/.pnpm/zigbee-herdsman@8.0.1/node_modules/zigbee-herdsman/src/adapter/z-stack/adapter/zStackAdapter.ts:147:16)
    at Controller.start (/app/node_modules/.pnpm/zigbee-herdsman@8.0.1/node_modules/zigbee-herdsman/src/controller/controller.ts:143:29)
    at Zigbee.start (/app/lib/zigbee.ts:70:27)
    at Controller.start (/app/lib/controller.ts:101:13)
    at start (/app/index.js:149:5)
